This file contains any messages produced by compilers while
running configure, to aid debugging if configure makes a mistake.

It was created by configure, which was
generated by GNU Autoconf 2.68.  Invocation command line was

  $ ./configure 

## --------- ##
## Platform. ##
## --------- ##

hostname = localhost.localdomain
uname -m = x86_64
uname -r = 2.6.32-358.6.2.el6.x86_64
uname -s = Linux
uname -v = #1 SMP Thu May 16 20:59:36 UTC 2013

/usr/bin/uname -p = unknown
/bin/uname -X     = unknown

/bin/arch              = x86_64
/usr/bin/arch -k       = unknown
/usr/convex/getsysinfo = unknown
/usr/bin/hostinfo      = unknown
/bin/machine           = unknown
/usr/bin/oslevel       = unknown
/bin/universe          = unknown

PATH: /usr/lib64/qt-3.3/bin
PATH: /usr/local/sbin
PATH: /usr/local/bin
PATH: /sbin
PATH: /bin
PATH: /usr/sbin
PATH: /usr/bin
PATH: /root/bin


## ----------- ##
## Core tests. ##
## ----------- ##

configure:2274: checking for a BSD-compatible install
configure:2342: result: /usr/bin/install -c
configure:2353: checking whether build environment is sane
configure:2408: result: yes
configure:2559: checking for a thread-safe mkdir -p
configure:2598: result: /bin/mkdir -p
configure:2605: checking for gawk
configure:2621: found /bin/gawk
configure:2632: result: gawk
configure:2643: checking whether make sets $(MAKE)
configure:2665: result: yes
configure:2747: checking whether to enable maintainer-specific portions of Makefiles
configure:2756: result: no
configure:2911: checking for ranlib
configure:2927: found /usr/bin/ranlib
configure:2938: result: ranlib
configure:3009: checking for gcc
configure:3025: found /usr/bin/gcc
configure:3036: result: gcc
configure:3265: checking for C compiler version
configure:3274: gcc --version >&5
gcc (GCC) 4.4.7 20120313 (Red Hat 4.4.7-3)
Copyright (C) 2010 Free Software Foundation, Inc.
This is free software; see the source for copying conditions.  There is NO
warranty; not even for MERCHANTABILITY or FITNESS FOR A PARTICULAR PURPOSE.

configure:3285: $? = 0
configure:3274: gcc -v >&5
Using built-in specs.
Target: x86_64-redhat-linux
Configured with: ../configure --prefix=/usr --mandir=/usr/share/man --infodir=/usr/share/info --with-bugurl=http://bugzilla.redhat.com/bugzilla --enable-bootstrap --enable-shared --enable-threads=posix --enable-checking=release --with-system-zlib --enable-__cxa_atexit --disable-libunwind-exceptions --enable-gnu-unique-object --enable-languages=c,c++,objc,obj-c++,java,fortran,ada --enable-java-awt=gtk --disable-dssi --with-java-home=/usr/lib/jvm/java-1.5.0-gcj-1.5.0.0/jre --enable-libgcj-multifile --enable-java-maintainer-mode --with-ecj-jar=/usr/share/java/eclipse-ecj.jar --disable-libjava-multilib --with-ppl --with-cloog --with-tune=generic --with-arch_32=i686 --build=x86_64-redhat-linux
Thread model: posix
gcc version 4.4.7 20120313 (Red Hat 4.4.7-3) (GCC) 
configure:3285: $? = 0
configure:3274: gcc -V >&5
gcc: '-V' option must have argument
configure:3285: $? = 1
configure:3274: gcc -qversion >&5
gcc: unrecognized option '-qversion'
gcc: no input files
configure:3285: $? = 1
configure:3305: checking whether the C compiler works
configure:3327: gcc    conftest.c  >&5
configure:3331: $? = 0
configure:3379: result: yes
configure:3382: checking for C compiler default output file name
configure:3384: result: a.out
configure:3390: checking for suffix of executables
configure:3397: gcc -o conftest    conftest.c  >&5
configure:3401: $? = 0
configure:3423: result: 
configure:3445: checking whether we are cross compiling
configure:3453: gcc -o conftest    conftest.c  >&5
configure:3457: $? = 0
configure:3464: ./conftest
configure:3468: $? = 0
configure:3483: result: no
configure:3488: checking for suffix of object files
configure:3510: gcc -c   conftest.c >&5
configure:3514: $? = 0
configure:3535: result: o
configure:3539: checking whether we are using the GNU C compiler
configure:3558: gcc -c   conftest.c >&5
configure:3558: $? = 0
configure:3567: result: yes
configure:3576: checking whether gcc accepts -g
configure:3596: gcc -c -g  conftest.c >&5
configure:3596: $? = 0
configure:3637: result: yes
configure:3654: checking for gcc option to accept ISO C89
configure:3718: gcc  -c -g -O2  conftest.c >&5
configure:3718: $? = 0
configure:3731: result: none needed
configure:3762: checking for style of include used by make
configure:3790: result: GNU
configure:3816: checking dependency style of gcc
configure:3927: result: gcc3
configure:3949: checking for uname
configure:3965: found /bin/uname
configure:3976: result: uname
configure:3992: checking how to run the C preprocessor
configure:4023: gcc -E  conftest.c
configure:4023: $? = 0
configure:4037: gcc -E  conftest.c
conftest.c:16:28: error: ac_nonexistent.h: No such file or directory
configure:4037: $? = 1
configure: failed program was:
| /* confdefs.h */
| #define PACKAGE_NAME ""
| #define PACKAGE_TARNAME ""
| #define PACKAGE_VERSION ""
| #define PACKAGE_STRING ""
| #define PACKAGE_BUGREPORT ""
| #define PACKAGE_URL ""
| #define PACKAGE "ntripcaster"
| #define VERSION "2.0.21"
| #define VERSION "2.0.21"
| #define NTRIPCASTER_ETCDIR "conf"
| #define NTRIPCASTER_LOGDIR "logs"
| #define NTRIPCASTER_VARDIR "var"
| #define NTRIPCASTER_TEMPLATEDIR "templates"
| /* end confdefs.h.  */
| #include <ac_nonexistent.h>
configure:4062: result: gcc -E
configure:4082: gcc -E  conftest.c
configure:4082: $? = 0
configure:4096: gcc -E  conftest.c
conftest.c:16:28: error: ac_nonexistent.h: No such file or directory
configure:4096: $? = 1
configure: failed program was:
| /* confdefs.h */
| #define PACKAGE_NAME ""
| #define PACKAGE_TARNAME ""
| #define PACKAGE_VERSION ""
| #define PACKAGE_STRING ""
| #define PACKAGE_BUGREPORT ""
| #define PACKAGE_URL ""
| #define PACKAGE "ntripcaster"
| #define VERSION "2.0.21"
| #define VERSION "2.0.21"
| #define NTRIPCASTER_ETCDIR "conf"
| #define NTRIPCASTER_LOGDIR "logs"
| #define NTRIPCASTER_VARDIR "var"
| #define NTRIPCASTER_TEMPLATEDIR "templates"
| /* end confdefs.h.  */
| #include <ac_nonexistent.h>
configure:4125: checking for grep that handles long lines and -e
configure:4183: result: /bin/grep
configure:4188: checking for egrep
configure:4250: result: /bin/grep -E
configure:4255: checking for ANSI C header files
configure:4275: gcc -c -g -O2 -Wall  conftest.c >&5
configure:4275: $? = 0
configure:4348: gcc -o conftest -g -O2 -Wall   conftest.c  >&5
configure:4348: $? = 0
configure:4348: ./conftest
configure:4348: $? = 0
configure:4359: result: yes
configure:4372: checking for sys/types.h
configure:4372: gcc -c -g -O2 -Wall  conftest.c >&5
configure:4372: $? = 0
configure:4372: result: yes
configure:4372: checking for sys/stat.h
configure:4372: gcc -c -g -O2 -Wall  conftest.c >&5
configure:4372: $? = 0
configure:4372: result: yes
configure:4372: checking for stdlib.h
configure:4372: gcc -c -g -O2 -Wall  conftest.c >&5
configure:4372: $? = 0
configure:4372: result: yes
configure:4372: checking for string.h
configure:4372: gcc -c -g -O2 -Wall  conftest.c >&5
configure:4372: $? = 0
configure:4372: result: yes
configure:4372: checking for memory.h
configure:4372: gcc -c -g -O2 -Wall  conftest.c >&5
configure:4372: $? = 0
configure:4372: result: yes
configure:4372: checking for strings.h
configure:4372: gcc -c -g -O2 -Wall  conftest.c >&5
configure:4372: $? = 0
configure:4372: result: yes
configure:4372: checking for inttypes.h
configure:4372: gcc -c -g -O2 -Wall  conftest.c >&5
configure:4372: $? = 0
configure:4372: result: yes
configure:4372: checking for stdint.h
configure:4372: gcc -c -g -O2 -Wall  conftest.c >&5
configure:4372: $? = 0
configure:4372: result: yes
configure:4372: checking for unistd.h
configure:4372: gcc -c -g -O2 -Wall  conftest.c >&5
configure:4372: $? = 0
configure:4372: result: yes
configure:4385: checking minix/config.h usability
configure:4385: gcc -c -g -O2 -Wall  conftest.c >&5
conftest.c:59:26: error: minix/config.h: No such file or directory
configure:4385: $? = 1
configure: failed program was:
| /* confdefs.h */
| #define PACKAGE_NAME ""
| #define PACKAGE_TARNAME ""
| #define PACKAGE_VERSION ""
| #define PACKAGE_STRING ""
| #define PACKAGE_BUGREPORT ""
| #define PACKAGE_URL ""
| #define PACKAGE "ntripcaster"
| #define VERSION "2.0.21"
| #define VERSION "2.0.21"
| #define NTRIPCASTER_ETCDIR "conf"
| #define NTRIPCASTER_LOGDIR "logs"
| #define NTRIPCASTER_VARDIR "var"
| #define NTRIPCASTER_TEMPLATEDIR "templates"
| #define STDC_HEADERS 1
| #define HAVE_SYS_TYPES_H 1
| #define HAVE_SYS_STAT_H 1
| #define HAVE_STDLIB_H 1
| #define HAVE_STRING_H 1
| #define HAVE_MEMORY_H 1
| #define HAVE_STRINGS_H 1
| #define HAVE_INTTYPES_H 1
| #define HAVE_STDINT_H 1
| #define HAVE_UNISTD_H 1
| /* end confdefs.h.  */
| #include <stdio.h>
| #ifdef HAVE_SYS_TYPES_H
| # include <sys/types.h>
| #endif
| #ifdef HAVE_SYS_STAT_H
| # include <sys/stat.h>
| #endif
| #ifdef STDC_HEADERS
| # include <stdlib.h>
| # include <stddef.h>
| #else
| # ifdef HAVE_STDLIB_H
| #  include <stdlib.h>
| # endif
| #endif
| #ifdef HAVE_STRING_H
| # if !defined STDC_HEADERS && defined HAVE_MEMORY_H
| #  include <memory.h>
| # endif
| # include <string.h>
| #endif
| #ifdef HAVE_STRINGS_H
| # include <strings.h>
| #endif
| #ifdef HAVE_INTTYPES_H
| # include <inttypes.h>
| #endif
| #ifdef HAVE_STDINT_H
| # include <stdint.h>
| #endif
| #ifdef HAVE_UNISTD_H
| # include <unistd.h>
| #endif
| #include <minix/config.h>
configure:4385: result: no
configure:4385: checking minix/config.h presence
configure:4385: gcc -E  conftest.c
conftest.c:26:26: error: minix/config.h: No such file or directory
configure:4385: $? = 1
configure: failed program was:
| /* confdefs.h */
| #define PACKAGE_NAME ""
| #define PACKAGE_TARNAME ""
| #define PACKAGE_VERSION ""
| #define PACKAGE_STRING ""
| #define PACKAGE_BUGREPORT ""
| #define PACKAGE_URL ""
| #define PACKAGE "ntripcaster"
| #define VERSION "2.0.21"
| #define VERSION "2.0.21"
| #define NTRIPCASTER_ETCDIR "conf"
| #define NTRIPCASTER_LOGDIR "logs"
| #define NTRIPCASTER_VARDIR "var"
| #define NTRIPCASTER_TEMPLATEDIR "templates"
| #define STDC_HEADERS 1
| #define HAVE_SYS_TYPES_H 1
| #define HAVE_SYS_STAT_H 1
| #define HAVE_STDLIB_H 1
| #define HAVE_STRING_H 1
| #define HAVE_MEMORY_H 1
| #define HAVE_STRINGS_H 1
| #define HAVE_INTTYPES_H 1
| #define HAVE_STDINT_H 1
| #define HAVE_UNISTD_H 1
| /* end confdefs.h.  */
| #include <minix/config.h>
configure:4385: result: no
configure:4385: checking for minix/config.h
configure:4385: result: no
configure:4406: checking whether it is safe to define __EXTENSIONS__
configure:4424: gcc -c -g -O2 -Wall  conftest.c >&5
configure:4424: $? = 0
configure:4431: result: yes
configure:4445: checking for library containing strerror
configure:4476: gcc -o conftest -g -O2 -Wall   conftest.c  >&5
configure:4476: $? = 0
configure:4493: result: none required
configure:4502: checking your OS
configure:4512: result: Linux
configure:4612: checking for socket
configure:4612: gcc -o conftest -g -O2 -Wall   conftest.c  >&5
configure:4612: $? = 0
configure:4612: result: yes
configure:4674: checking for connect
configure:4674: gcc -o conftest -g -O2 -Wall   conftest.c  >&5
configure:4674: $? = 0
configure:4674: result: yes
configure:4736: checking for log
configure:4736: gcc -o conftest -g -O2 -Wall   conftest.c  >&5
conftest.c:57: warning: conflicting types for built-in function 'log'
/tmp/cc1HKETv.o: In function `main':
/home/test/ntripcaster-2.0.21/conftest.c:68: undefined reference to `log'
collect2: ld returned 1 exit status
configure:4736: $? = 1
configure: failed program was:
| /* confdefs.h */
| #define PACKAGE_NAME ""
| #define PACKAGE_TARNAME ""
| #define PACKAGE_VERSION ""
| #define PACKAGE_STRING ""
| #define PACKAGE_BUGREPORT ""
| #define PACKAGE_URL ""
| #define PACKAGE "ntripcaster"
| #define VERSION "2.0.21"
| #define VERSION "2.0.21"
| #define NTRIPCASTER_ETCDIR "conf"
| #define NTRIPCASTER_LOGDIR "logs"
| #define NTRIPCASTER_VARDIR "var"
| #define NTRIPCASTER_TEMPLATEDIR "templates"
| #define STDC_HEADERS 1
| #define HAVE_SYS_TYPES_H 1
| #define HAVE_SYS_STAT_H 1
| #define HAVE_STDLIB_H 1
| #define HAVE_STRING_H 1
| #define HAVE_MEMORY_H 1
| #define HAVE_STRINGS_H 1
| #define HAVE_INTTYPES_H 1
| #define HAVE_STDINT_H 1
| #define HAVE_UNISTD_H 1
| #define __EXTENSIONS__ 1
| #define _ALL_SOURCE 1
| #define _GNU_SOURCE 1
| #define _POSIX_PTHREAD_SEMANTICS 1
| #define _TANDEM_SOURCE 1
| #define LINUX /**/
| #define HAVE_SOCKET 1
| #define HAVE_CONNECT 1
| /* end confdefs.h.  */
| /* Define log to an innocuous variant, in case <limits.h> declares log.
|    For example, HP-UX 11i <limits.h> declares gettimeofday.  */
| #define log innocuous_log
| 
| /* System header to define __stub macros and hopefully few prototypes,
|     which can conflict with char log (); below.
|     Prefer <limits.h> to <assert.h> if __STDC__ is defined, since
|     <limits.h> exists even on freestanding compilers.  */
| 
| #ifdef __STDC__
| # include <limits.h>
| #else
| # include <assert.h>
| #endif
| 
| #undef log
| 
| /* Override any GCC internal prototype to avoid an error.
|    Use char because int might match the return type of a GCC
|    builtin and then its argument prototype would still apply.  */
| #ifdef __cplusplus
| extern "C"
| #endif
| char log ();
| /* The GNU C library defines this for functions which it implements
|     to always fail with ENOSYS.  Some functions are actually named
|     something starting with __ and the normal name is an alias.  */
| #if defined __stub_log || defined __stub___log
| choke me
| #endif
| 
| int
| main ()
| {
| return log ();
|   ;
|   return 0;
| }
configure:4736: result: no
configure:4749: checking for log in -lm
configure:4774: gcc -o conftest -g -O2 -Wall   conftest.c -lm   >&5
conftest.c:41: warning: conflicting types for built-in function 'log'
configure:4774: $? = 0
configure:4784: result: yes
configure:4800: checking for gethostbyname
configure:4800: gcc -o conftest -g -O2 -Wall   conftest.c -lm  >&5
configure:4800: $? = 0
configure:4800: result: yes
configure:4861: checking for nanosleep
configure:4861: gcc -o conftest -g -O2 -Wall   conftest.c -lm  >&5
configure:4861: $? = 0
configure:4861: result: yes
configure:4951: checking for poll
configure:4951: gcc -o conftest -g -O2 -Wall   conftest.c -lm  >&5
configure:4951: $? = 0
configure:4951: result: yes
configure:4963: checking poll.h usability
configure:4963: gcc -c -g -O2 -Wall  conftest.c >&5
configure:4963: $? = 0
configure:4963: result: yes
configure:4963: checking poll.h presence
configure:4963: gcc -E  conftest.c
configure:4963: $? = 0
configure:4963: result: yes
configure:4963: checking for poll.h
configure:4963: result: yes
configure:4963: checking sys/poll.h usability
configure:4963: gcc -c -g -O2 -Wall  conftest.c >&5
configure:4963: $? = 0
configure:4963: result: yes
configure:4963: checking sys/poll.h presence
configure:4963: gcc -E  conftest.c
configure:4963: $? = 0
configure:4963: result: yes
configure:4963: checking for sys/poll.h
configure:4963: result: yes
configure:5126: checking whether to use libwrap
configure:5214: result: no
configure:5292: checking whether to use crypted passwords
configure:5303: result: yes
configure:5305: checking for crypt in -lcrypt
configure:5330: gcc -o conftest -g -O2 -Wall    conftest.c -lcrypt  -lm  >&5
configure:5330: $? = 0
configure:5339: result: yes
configure:5360: checking for pthread functions in standard libraries
configure:5373: gcc -o conftest -g -O2 -Wall    conftest.c -lm  >&5
conftest.c: In function 'main':
conftest.c:45: warning: implicit declaration of function 'pthread_create'
/tmp/ccOLaUhR.o: In function `main':
/home/test/ntripcaster-2.0.21/conftest.c:45: undefined reference to `pthread_create'
collect2: ld returned 1 exit status
configure:5373: $? = 1
configure: failed program was:
| /* confdefs.h */
| #define PACKAGE_NAME ""
| #define PACKAGE_TARNAME ""
| #define PACKAGE_VERSION ""
| #define PACKAGE_STRING ""
| #define PACKAGE_BUGREPORT ""
| #define PACKAGE_URL ""
| #define PACKAGE "ntripcaster"
| #define VERSION "2.0.21"
| #define VERSION "2.0.21"
| #define NTRIPCASTER_ETCDIR "conf"
| #define NTRIPCASTER_LOGDIR "logs"
| #define NTRIPCASTER_VARDIR "var"
| #define NTRIPCASTER_TEMPLATEDIR "templates"
| #define STDC_HEADERS 1
| #define HAVE_SYS_TYPES_H 1
| #define HAVE_SYS_STAT_H 1
| #define HAVE_STDLIB_H 1
| #define HAVE_STRING_H 1
| #define HAVE_MEMORY_H 1
| #define HAVE_STRINGS_H 1
| #define HAVE_INTTYPES_H 1
| #define HAVE_STDINT_H 1
| #define HAVE_UNISTD_H 1
| #define __EXTENSIONS__ 1
| #define _ALL_SOURCE 1
| #define _GNU_SOURCE 1
| #define _POSIX_PTHREAD_SEMANTICS 1
| #define _TANDEM_SOURCE 1
| #define LINUX /**/
| #define HAVE_SOCKET 1
| #define HAVE_CONNECT 1
| #define HAVE_LIBM 1
| #define HAVE_GETHOSTBYNAME 1
| #define HAVE_NANOSLEEP 1
| #define HAVE_POLL 1
| #define HAVE_POLL_H 1
| #define HAVE_SYS_POLL_H 1
| #define USE_CRYPT /**/
| /* end confdefs.h.  */
| 
| int
| main ()
| {
| pthread_create();
|   ;
|   return 0;
| }
configure:5377: result: no
configure:5410: checking for pthread_create in -lpthread
configure:5435: gcc -o conftest -g -O2 -Wall    conftest.c -lpthread  -lm  >&5
configure:5435: $? = 0
configure:5445: result: yes
configure:5622: gcc -c    -g -O2 -Wall   conftest.c >&5
conftest.c: In function 'main':
conftest.c:45: warning: unused variable 'foo'
configure:5622: $? = 0
configure:5631: checking for ANSI C header files
configure:5735: result: yes
configure:5743: checking for sys/wait.h that is POSIX.1 compatible
configure:5769: gcc -c    -g -O2 -Wall   conftest.c >&5
configure:5769: $? = 0
configure:5776: result: yes
configure:5787: checking for dirent.h that defines DIR
configure:5806: gcc -c    -g -O2 -Wall   conftest.c >&5
configure:5806: $? = 0
configure:5814: result: yes
configure:5827: checking for library containing opendir
configure:5858: gcc -o conftest    -g -O2 -Wall    conftest.c -lm  -lpthread >&5
configure:5858: $? = 0
configure:5875: result: none required
configure:5945: checking fcntl.h usability
configure:5945: gcc -c    -g -O2 -Wall   conftest.c >&5
configure:5945: $? = 0
configure:5945: result: yes
configure:5945: checking fcntl.h presence
configure:5945: gcc -E   conftest.c
configure:5945: $? = 0
configure:5945: result: yes
configure:5945: checking for fcntl.h
configure:5945: result: yes
configure:5945: checking sys/time.h usability
configure:5945: gcc -c    -g -O2 -Wall   conftest.c >&5
configure:5945: $? = 0
configure:5945: result: yes
configure:5945: checking sys/time.h presence
configure:5945: gcc -E   conftest.c
configure:5945: $? = 0
configure:5945: result: yes
configure:5945: checking for sys/time.h
configure:5945: result: yes
configure:5945: checking for unistd.h
configure:5945: result: yes
configure:5945: checking sys/soundcard.h usability
configure:5945: gcc -c    -g -O2 -Wall   conftest.c >&5
configure:5945: $? = 0
configure:5945: result: yes
configure:5945: checking sys/soundcard.h presence
configure:5945: gcc -E   conftest.c
configure:5945: $? = 0
configure:5945: result: yes
configure:5945: checking for sys/soundcard.h
configure:5945: result: yes
configure:5945: checking machine/soundcard.h usability
configure:5945: gcc -c    -g -O2 -Wall   conftest.c >&5
conftest.c:81:31: error: machine/soundcard.h: No such file or directory
configure:5945: $? = 1
configure: failed program was:
| /* confdefs.h */
| #define PACKAGE_NAME ""
| #define PACKAGE_TARNAME ""
| #define PACKAGE_VERSION ""
| #define PACKAGE_STRING ""
| #define PACKAGE_BUGREPORT ""
| #define PACKAGE_URL ""
| #define PACKAGE "ntripcaster"
| #define VERSION "2.0.21"
| #define VERSION "2.0.21"
| #define NTRIPCASTER_ETCDIR "conf"
| #define NTRIPCASTER_LOGDIR "logs"
| #define NTRIPCASTER_VARDIR "var"
| #define NTRIPCASTER_TEMPLATEDIR "templates"
| #define STDC_HEADERS 1
| #define HAVE_SYS_TYPES_H 1
| #define HAVE_SYS_STAT_H 1
| #define HAVE_STDLIB_H 1
| #define HAVE_STRING_H 1
| #define HAVE_MEMORY_H 1
| #define HAVE_STRINGS_H 1
| #define HAVE_INTTYPES_H 1
| #define HAVE_STDINT_H 1
| #define HAVE_UNISTD_H 1
| #define __EXTENSIONS__ 1
| #define _ALL_SOURCE 1
| #define _GNU_SOURCE 1
| #define _POSIX_PTHREAD_SEMANTICS 1
| #define _TANDEM_SOURCE 1
| #define LINUX /**/
| #define HAVE_SOCKET 1
| #define HAVE_CONNECT 1
| #define HAVE_LIBM 1
| #define HAVE_GETHOSTBYNAME 1
| #define HAVE_NANOSLEEP 1
| #define HAVE_POLL 1
| #define HAVE_POLL_H 1
| #define HAVE_SYS_POLL_H 1
| #define USE_CRYPT /**/
| #define STDC_HEADERS 1
| #define HAVE_SYS_WAIT_H 1
| #define HAVE_DIRENT_H 1
| #define HAVE_FCNTL_H 1
| #define HAVE_SYS_TIME_H 1
| #define HAVE_UNISTD_H 1
| #define HAVE_SYS_SOUNDCARD_H 1
| /* end confdefs.h.  */
| #include <stdio.h>
| #ifdef HAVE_SYS_TYPES_H
| # include <sys/types.h>
| #endif
| #ifdef HAVE_SYS_STAT_H
| # include <sys/stat.h>
| #endif
| #ifdef STDC_HEADERS
| # include <stdlib.h>
| # include <stddef.h>
| #else
| # ifdef HAVE_STDLIB_H
| #  include <stdlib.h>
| # endif
| #endif
| #ifdef HAVE_STRING_H
| # if !defined STDC_HEADERS && defined HAVE_MEMORY_H
| #  include <memory.h>
| # endif
| # include <string.h>
| #endif
| #ifdef HAVE_STRINGS_H
| # include <strings.h>
| #endif
| #ifdef HAVE_INTTYPES_H
| # include <inttypes.h>
| #endif
| #ifdef HAVE_STDINT_H
| # include <stdint.h>
| #endif
| #ifdef HAVE_UNISTD_H
| # include <unistd.h>
| #endif
| #include <machine/soundcard.h>
configure:5945: result: no
configure:5945: checking machine/soundcard.h presence
configure:5945: gcc -E   conftest.c
conftest.c:48:31: error: machine/soundcard.h: No such file or directory
configure:5945: $? = 1
configure: failed program was:
| /* confdefs.h */
| #define PACKAGE_NAME ""
| #define PACKAGE_TARNAME ""
| #define PACKAGE_VERSION ""
| #define PACKAGE_STRING ""
| #define PACKAGE_BUGREPORT ""
| #define PACKAGE_URL ""
| #define PACKAGE "ntripcaster"
| #define VERSION "2.0.21"
| #define VERSION "2.0.21"
| #define NTRIPCASTER_ETCDIR "conf"
| #define NTRIPCASTER_LOGDIR "logs"
| #define NTRIPCASTER_VARDIR "var"
| #define NTRIPCASTER_TEMPLATEDIR "templates"
| #define STDC_HEADERS 1
| #define HAVE_SYS_TYPES_H 1
| #define HAVE_SYS_STAT_H 1
| #define HAVE_STDLIB_H 1
| #define HAVE_STRING_H 1
| #define HAVE_MEMORY_H 1
| #define HAVE_STRINGS_H 1
| #define HAVE_INTTYPES_H 1
| #define HAVE_STDINT_H 1
| #define HAVE_UNISTD_H 1
| #define __EXTENSIONS__ 1
| #define _ALL_SOURCE 1
| #define _GNU_SOURCE 1
| #define _POSIX_PTHREAD_SEMANTICS 1
| #define _TANDEM_SOURCE 1
| #define LINUX /**/
| #define HAVE_SOCKET 1
| #define HAVE_CONNECT 1
| #define HAVE_LIBM 1
| #define HAVE_GETHOSTBYNAME 1
| #define HAVE_NANOSLEEP 1
| #define HAVE_POLL 1
| #define HAVE_POLL_H 1
| #define HAVE_SYS_POLL_H 1
| #define USE_CRYPT /**/
| #define STDC_HEADERS 1
| #define HAVE_SYS_WAIT_H 1
| #define HAVE_DIRENT_H 1
| #define HAVE_FCNTL_H 1
| #define HAVE_SYS_TIME_H 1
| #define HAVE_UNISTD_H 1
| #define HAVE_SYS_SOUNDCARD_H 1
| /* end confdefs.h.  */
| #include <machine/soundcard.h>
configure:5945: result: no
configure:5945: checking for machine/soundcard.h
configure:5945: result: no
configure:5945: checking pthread.h usability
configure:5945: gcc -c    -g -O2 -Wall   conftest.c >&5
configure:5945: $? = 0
configure:5945: result: yes
configure:5945: checking pthread.h presence
configure:5945: gcc -E   conftest.c
configure:5945: $? = 0
configure:5945: result: yes
configure:5945: checking for pthread.h
configure:5945: result: yes
configure:5945: checking assert.h usability
configure:5945: gcc -c    -g -O2 -Wall   conftest.c >&5
configure:5945: $? = 0
configure:5945: result: yes
configure:5945: checking assert.h presence
configure:5945: gcc -E   conftest.c
configure:5945: $? = 0
configure:5945: result: yes
configure:5945: checking for assert.h
configure:5945: result: yes
configure:5945: checking sys/resource.h usability
configure:5945: gcc -c    -g -O2 -Wall   conftest.c >&5
configure:5945: $? = 0
configure:5945: result: yes
configure:5945: checking sys/resource.h presence
configure:5945: gcc -E   conftest.c
configure:5945: $? = 0
configure:5945: result: yes
configure:5945: checking for sys/resource.h
configure:5945: result: yes
configure:5945: checking math.h usability
configure:5945: gcc -c    -g -O2 -Wall   conftest.c >&5
configure:5945: $? = 0
configure:5945: result: yes
configure:5945: checking math.h presence
configure:5945: gcc -E   conftest.c
configure:5945: $? = 0
configure:5945: result: yes
configure:5945: checking for math.h
configure:5945: result: yes
configure:5945: checking signal.h usability
configure:5945: gcc -c    -g -O2 -Wall   conftest.c >&5
configure:5945: $? = 0
configure:5945: result: yes
configure:5945: checking signal.h presence
configure:5945: gcc -E   conftest.c
configure:5945: $? = 0
configure:5945: result: yes
configure:5945: checking for signal.h
configure:5945: result: yes
configure:5945: checking sys/signal.h usability
configure:5945: gcc -c    -g -O2 -Wall   conftest.c >&5
configure:5945: $? = 0
configure:5945: result: yes
configure:5945: checking sys/signal.h presence
configure:5945: gcc -E   conftest.c
configure:5945: $? = 0
configure:5945: result: yes
configure:5945: checking for sys/signal.h
configure:5945: result: yes
configure:5945: checking mcheck.h usability
configure:5945: gcc -c    -g -O2 -Wall   conftest.c >&5
configure:5945: $? = 0
configure:5945: result: yes
configure:5945: checking mcheck.h presence
configure:5945: gcc -E   conftest.c
configure:5945: $? = 0
configure:5945: result: yes
configure:5945: checking for mcheck.h
configure:5945: result: yes
configure:5945: checking malloc.h usability
configure:5945: gcc -c    -g -O2 -Wall   conftest.c >&5
configure:5945: $? = 0
configure:5945: result: yes
configure:5945: checking malloc.h presence
configure:5945: gcc -E   conftest.c
configure:5945: $? = 0
configure:5945: result: yes
configure:5945: checking for malloc.h
configure:5945: result: yes
configure:5945: checking history.h usability
configure:5945: gcc -c    -g -O2 -Wall   conftest.c >&5
conftest.c:89:21: error: history.h: No such file or directory
configure:5945: $? = 1
configure: failed program was:
| /* confdefs.h */
| #define PACKAGE_NAME ""
| #define PACKAGE_TARNAME ""
| #define PACKAGE_VERSION ""
| #define PACKAGE_STRING ""
| #define PACKAGE_BUGREPORT ""
| #define PACKAGE_URL ""
| #define PACKAGE "ntripcaster"
| #define VERSION "2.0.21"
| #define VERSION "2.0.21"
| #define NTRIPCASTER_ETCDIR "conf"
| #define NTRIPCASTER_LOGDIR "logs"
| #define NTRIPCASTER_VARDIR "var"
| #define NTRIPCASTER_TEMPLATEDIR "templates"
| #define STDC_HEADERS 1
| #define HAVE_SYS_TYPES_H 1
| #define HAVE_SYS_STAT_H 1
| #define HAVE_STDLIB_H 1
| #define HAVE_STRING_H 1
| #define HAVE_MEMORY_H 1
| #define HAVE_STRINGS_H 1
| #define HAVE_INTTYPES_H 1
| #define HAVE_STDINT_H 1
| #define HAVE_UNISTD_H 1
| #define __EXTENSIONS__ 1
| #define _ALL_SOURCE 1
| #define _GNU_SOURCE 1
| #define _POSIX_PTHREAD_SEMANTICS 1
| #define _TANDEM_SOURCE 1
| #define LINUX /**/
| #define HAVE_SOCKET 1
| #define HAVE_CONNECT 1
| #define HAVE_LIBM 1
| #define HAVE_GETHOSTBYNAME 1
| #define HAVE_NANOSLEEP 1
| #define HAVE_POLL 1
| #define HAVE_POLL_H 1
| #define HAVE_SYS_POLL_H 1
| #define USE_CRYPT /**/
| #define STDC_HEADERS 1
| #define HAVE_SYS_WAIT_H 1
| #define HAVE_DIRENT_H 1
| #define HAVE_FCNTL_H 1
| #define HAVE_SYS_TIME_H 1
| #define HAVE_UNISTD_H 1
| #define HAVE_SYS_SOUNDCARD_H 1
| #define HAVE_PTHREAD_H 1
| #define HAVE_ASSERT_H 1
| #define HAVE_SYS_RESOURCE_H 1
| #define HAVE_MATH_H 1
| #define HAVE_SIGNAL_H 1
| #define HAVE_SYS_SIGNAL_H 1
| #define HAVE_MCHECK_H 1
| #define HAVE_MALLOC_H 1
| /* end confdefs.h.  */
| #include <stdio.h>
| #ifdef HAVE_SYS_TYPES_H
| # include <sys/types.h>
| #endif
| #ifdef HAVE_SYS_STAT_H
| # include <sys/stat.h>
| #endif
| #ifdef STDC_HEADERS
| # include <stdlib.h>
| # include <stddef.h>
| #else
| # ifdef HAVE_STDLIB_H
| #  include <stdlib.h>
| # endif
| #endif
| #ifdef HAVE_STRING_H
| # if !defined STDC_HEADERS && defined HAVE_MEMORY_H
| #  include <memory.h>
| # endif
| # include <string.h>
| #endif
| #ifdef HAVE_STRINGS_H
| # include <strings.h>
| #endif
| #ifdef HAVE_INTTYPES_H
| # include <inttypes.h>
| #endif
| #ifdef HAVE_STDINT_H
| # include <stdint.h>
| #endif
| #ifdef HAVE_UNISTD_H
| # include <unistd.h>
| #endif
| #include <history.h>
configure:5945: result: no
configure:5945: checking history.h presence
configure:5945: gcc -E   conftest.c
conftest.c:56:21: error: history.h: No such file or directory
configure:5945: $? = 1
configure: failed program was:
| /* confdefs.h */
| #define PACKAGE_NAME ""
| #define PACKAGE_TARNAME ""
| #define PACKAGE_VERSION ""
| #define PACKAGE_STRING ""
| #define PACKAGE_BUGREPORT ""
| #define PACKAGE_URL ""
| #define PACKAGE "ntripcaster"
| #define VERSION "2.0.21"
| #define VERSION "2.0.21"
| #define NTRIPCASTER_ETCDIR "conf"
| #define NTRIPCASTER_LOGDIR "logs"
| #define NTRIPCASTER_VARDIR "var"
| #define NTRIPCASTER_TEMPLATEDIR "templates"
| #define STDC_HEADERS 1
| #define HAVE_SYS_TYPES_H 1
| #define HAVE_SYS_STAT_H 1
| #define HAVE_STDLIB_H 1
| #define HAVE_STRING_H 1
| #define HAVE_MEMORY_H 1
| #define HAVE_STRINGS_H 1
| #define HAVE_INTTYPES_H 1
| #define HAVE_STDINT_H 1
| #define HAVE_UNISTD_H 1
| #define __EXTENSIONS__ 1
| #define _ALL_SOURCE 1
| #define _GNU_SOURCE 1
| #define _POSIX_PTHREAD_SEMANTICS 1
| #define _TANDEM_SOURCE 1
| #define LINUX /**/
| #define HAVE_SOCKET 1
| #define HAVE_CONNECT 1
| #define HAVE_LIBM 1
| #define HAVE_GETHOSTBYNAME 1
| #define HAVE_NANOSLEEP 1
| #define HAVE_POLL 1
| #define HAVE_POLL_H 1
| #define HAVE_SYS_POLL_H 1
| #define USE_CRYPT /**/
| #define STDC_HEADERS 1
| #define HAVE_SYS_WAIT_H 1
| #define HAVE_DIRENT_H 1
| #define HAVE_FCNTL_H 1
| #define HAVE_SYS_TIME_H 1
| #define HAVE_UNISTD_H 1
| #define HAVE_SYS_SOUNDCARD_H 1
| #define HAVE_PTHREAD_H 1
| #define HAVE_ASSERT_H 1
| #define HAVE_SYS_RESOURCE_H 1
| #define HAVE_MATH_H 1
| #define HAVE_SIGNAL_H 1
| #define HAVE_SYS_SIGNAL_H 1
| #define HAVE_MCHECK_H 1
| #define HAVE_MALLOC_H 1
| /* end confdefs.h.  */
| #include <history.h>
configure:5945: result: no
configure:5945: checking for history.h
configure:5945: result: no
configure:5945: checking Python.h usability
configure:5945: gcc -c    -g -O2 -Wall   conftest.c >&5
conftest.c:89:20: error: Python.h: No such file or directory
configure:5945: $? = 1
configure: failed program was:
| /* confdefs.h */
| #define PACKAGE_NAME ""
| #define PACKAGE_TARNAME ""
| #define PACKAGE_VERSION ""
| #define PACKAGE_STRING ""
| #define PACKAGE_BUGREPORT ""
| #define PACKAGE_URL ""
| #define PACKAGE "ntripcaster"
| #define VERSION "2.0.21"
| #define VERSION "2.0.21"
| #define NTRIPCASTER_ETCDIR "conf"
| #define NTRIPCASTER_LOGDIR "logs"
| #define NTRIPCASTER_VARDIR "var"
| #define NTRIPCASTER_TEMPLATEDIR "templates"
| #define STDC_HEADERS 1
| #define HAVE_SYS_TYPES_H 1
| #define HAVE_SYS_STAT_H 1
| #define HAVE_STDLIB_H 1
| #define HAVE_STRING_H 1
| #define HAVE_MEMORY_H 1
| #define HAVE_STRINGS_H 1
| #define HAVE_INTTYPES_H 1
| #define HAVE_STDINT_H 1
| #define HAVE_UNISTD_H 1
| #define __EXTENSIONS__ 1
| #define _ALL_SOURCE 1
| #define _GNU_SOURCE 1
| #define _POSIX_PTHREAD_SEMANTICS 1
| #define _TANDEM_SOURCE 1
| #define LINUX /**/
| #define HAVE_SOCKET 1
| #define HAVE_CONNECT 1
| #define HAVE_LIBM 1
| #define HAVE_GETHOSTBYNAME 1
| #define HAVE_NANOSLEEP 1
| #define HAVE_POLL 1
| #define HAVE_POLL_H 1
| #define HAVE_SYS_POLL_H 1
| #define USE_CRYPT /**/
| #define STDC_HEADERS 1
| #define HAVE_SYS_WAIT_H 1
| #define HAVE_DIRENT_H 1
| #define HAVE_FCNTL_H 1
| #define HAVE_SYS_TIME_H 1
| #define HAVE_UNISTD_H 1
| #define HAVE_SYS_SOUNDCARD_H 1
| #define HAVE_PTHREAD_H 1
| #define HAVE_ASSERT_H 1
| #define HAVE_SYS_RESOURCE_H 1
| #define HAVE_MATH_H 1
| #define HAVE_SIGNAL_H 1
| #define HAVE_SYS_SIGNAL_H 1
| #define HAVE_MCHECK_H 1
| #define HAVE_MALLOC_H 1
| /* end confdefs.h.  */
| #include <stdio.h>
| #ifdef HAVE_SYS_TYPES_H
| # include <sys/types.h>
| #endif
| #ifdef HAVE_SYS_STAT_H
| # include <sys/stat.h>
| #endif
| #ifdef STDC_HEADERS
| # include <stdlib.h>
| # include <stddef.h>
| #else
| # ifdef HAVE_STDLIB_H
| #  include <stdlib.h>
| # endif
| #endif
| #ifdef HAVE_STRING_H
| # if !defined STDC_HEADERS && defined HAVE_MEMORY_H
| #  include <memory.h>
| # endif
| # include <string.h>
| #endif
| #ifdef HAVE_STRINGS_H
| # include <strings.h>
| #endif
| #ifdef HAVE_INTTYPES_H
| # include <inttypes.h>
| #endif
| #ifdef HAVE_STDINT_H
| # include <stdint.h>
| #endif
| #ifdef HAVE_UNISTD_H
| # include <unistd.h>
| #endif
| #include <Python.h>
configure:5945: result: no
configure:5945: checking Python.h presence
configure:5945: gcc -E   conftest.c
conftest.c:56:20: error: Python.h: No such file or directory
configure:5945: $? = 1
configure: failed program was:
| /* confdefs.h */
| #define PACKAGE_NAME ""
| #define PACKAGE_TARNAME ""
| #define PACKAGE_VERSION ""
| #define PACKAGE_STRING ""
| #define PACKAGE_BUGREPORT ""
| #define PACKAGE_URL ""
| #define PACKAGE "ntripcaster"
| #define VERSION "2.0.21"
| #define VERSION "2.0.21"
| #define NTRIPCASTER_ETCDIR "conf"
| #define NTRIPCASTER_LOGDIR "logs"
| #define NTRIPCASTER_VARDIR "var"
| #define NTRIPCASTER_TEMPLATEDIR "templates"
| #define STDC_HEADERS 1
| #define HAVE_SYS_TYPES_H 1
| #define HAVE_SYS_STAT_H 1
| #define HAVE_STDLIB_H 1
| #define HAVE_STRING_H 1
| #define HAVE_MEMORY_H 1
| #define HAVE_STRINGS_H 1
| #define HAVE_INTTYPES_H 1
| #define HAVE_STDINT_H 1
| #define HAVE_UNISTD_H 1
| #define __EXTENSIONS__ 1
| #define _ALL_SOURCE 1
| #define _GNU_SOURCE 1
| #define _POSIX_PTHREAD_SEMANTICS 1
| #define _TANDEM_SOURCE 1
| #define LINUX /**/
| #define HAVE_SOCKET 1
| #define HAVE_CONNECT 1
| #define HAVE_LIBM 1
| #define HAVE_GETHOSTBYNAME 1
| #define HAVE_NANOSLEEP 1
| #define HAVE_POLL 1
| #define HAVE_POLL_H 1
| #define HAVE_SYS_POLL_H 1
| #define USE_CRYPT /**/
| #define STDC_HEADERS 1
| #define HAVE_SYS_WAIT_H 1
| #define HAVE_DIRENT_H 1
| #define HAVE_FCNTL_H 1
| #define HAVE_SYS_TIME_H 1
| #define HAVE_UNISTD_H 1
| #define HAVE_SYS_SOUNDCARD_H 1
| #define HAVE_PTHREAD_H 1
| #define HAVE_ASSERT_H 1
| #define HAVE_SYS_RESOURCE_H 1
| #define HAVE_MATH_H 1
| #define HAVE_SIGNAL_H 1
| #define HAVE_SYS_SIGNAL_H 1
| #define HAVE_MCHECK_H 1
| #define HAVE_MALLOC_H 1
| /* end confdefs.h.  */
| #include <Python.h>
configure:5945: result: no
configure:5945: checking for Python.h
configure:5945: result: no
configure:5956: checking for an ANSI C-conforming const
configure:6021: gcc -c    -g -O2 -Wall   conftest.c >&5
conftest.c: In function 'main':
conftest.c:85: warning: 't' is used uninitialized in this function
conftest.c:101: warning: 'b' is used uninitialized in this function
conftest.c:64: warning: 'cs[0]' is used uninitialized in this function
configure:6021: $? = 0
configure:6028: result: yes
configure:6036: checking for pid_t
configure:6036: gcc -c    -g -O2 -Wall   conftest.c >&5
configure:6036: $? = 0
configure:6036: gcc -c    -g -O2 -Wall   conftest.c >&5
conftest.c: In function 'main':
conftest.c:92: error: expected expression before ')' token
configure:6036: $? = 1
configure: failed program was:
| /* confdefs.h */
| #define PACKAGE_NAME ""
| #define PACKAGE_TARNAME ""
| #define PACKAGE_VERSION ""
| #define PACKAGE_STRING ""
| #define PACKAGE_BUGREPORT ""
| #define PACKAGE_URL ""
| #define PACKAGE "ntripcaster"
| #define VERSION "2.0.21"
| #define VERSION "2.0.21"
| #define NTRIPCASTER_ETCDIR "conf"
| #define NTRIPCASTER_LOGDIR "logs"
| #define NTRIPCASTER_VARDIR "var"
| #define NTRIPCASTER_TEMPLATEDIR "templates"
| #define STDC_HEADERS 1
| #define HAVE_SYS_TYPES_H 1
| #define HAVE_SYS_STAT_H 1
| #define HAVE_STDLIB_H 1
| #define HAVE_STRING_H 1
| #define HAVE_MEMORY_H 1
| #define HAVE_STRINGS_H 1
| #define HAVE_INTTYPES_H 1
| #define HAVE_STDINT_H 1
| #define HAVE_UNISTD_H 1
| #define __EXTENSIONS__ 1
| #define _ALL_SOURCE 1
| #define _GNU_SOURCE 1
| #define _POSIX_PTHREAD_SEMANTICS 1
| #define _TANDEM_SOURCE 1
| #define LINUX /**/
| #define HAVE_SOCKET 1
| #define HAVE_CONNECT 1
| #define HAVE_LIBM 1
| #define HAVE_GETHOSTBYNAME 1
| #define HAVE_NANOSLEEP 1
| #define HAVE_POLL 1
| #define HAVE_POLL_H 1
| #define HAVE_SYS_POLL_H 1
| #define USE_CRYPT /**/
| #define STDC_HEADERS 1
| #define HAVE_SYS_WAIT_H 1
| #define HAVE_DIRENT_H 1
| #define HAVE_FCNTL_H 1
| #define HAVE_SYS_TIME_H 1
| #define HAVE_UNISTD_H 1
| #define HAVE_SYS_SOUNDCARD_H 1
| #define HAVE_PTHREAD_H 1
| #define HAVE_ASSERT_H 1
| #define HAVE_SYS_RESOURCE_H 1
| #define HAVE_MATH_H 1
| #define HAVE_SIGNAL_H 1
| #define HAVE_SYS_SIGNAL_H 1
| #define HAVE_MCHECK_H 1
| #define HAVE_MALLOC_H 1
| /* end confdefs.h.  */
| #include <stdio.h>
| #ifdef HAVE_SYS_TYPES_H
| # include <sys/types.h>
| #endif
| #ifdef HAVE_SYS_STAT_H
| # include <sys/stat.h>
| #endif
| #ifdef STDC_HEADERS
| # include <stdlib.h>
| # include <stddef.h>
| #else
| # ifdef HAVE_STDLIB_H
| #  include <stdlib.h>
| # endif
| #endif
| #ifdef HAVE_STRING_H
| # if !defined STDC_HEADERS && defined HAVE_MEMORY_H
| #  include <memory.h>
| # endif
| # include <string.h>
| #endif
| #ifdef HAVE_STRINGS_H
| # include <strings.h>
| #endif
| #ifdef HAVE_INTTYPES_H
| # include <inttypes.h>
| #endif
| #ifdef HAVE_STDINT_H
| # include <stdint.h>
| #endif
| #ifdef HAVE_UNISTD_H
| # include <unistd.h>
| #endif
| int
| main ()
| {
| if (sizeof ((pid_t)))
| 	    return 0;
|   ;
|   return 0;
| }
configure:6036: result: yes
configure:6047: checking for size_t
configure:6047: gcc -c    -g -O2 -Wall   conftest.c >&5
configure:6047: $? = 0
configure:6047: gcc -c    -g -O2 -Wall   conftest.c >&5
conftest.c: In function 'main':
conftest.c:92: error: expected expression before ')' token
configure:6047: $? = 1
configure: failed program was:
| /* confdefs.h */
| #define PACKAGE_NAME ""
| #define PACKAGE_TARNAME ""
| #define PACKAGE_VERSION ""
| #define PACKAGE_STRING ""
| #define PACKAGE_BUGREPORT ""
| #define PACKAGE_URL ""
| #define PACKAGE "ntripcaster"
| #define VERSION "2.0.21"
| #define VERSION "2.0.21"
| #define NTRIPCASTER_ETCDIR "conf"
| #define NTRIPCASTER_LOGDIR "logs"
| #define NTRIPCASTER_VARDIR "var"
| #define NTRIPCASTER_TEMPLATEDIR "templates"
| #define STDC_HEADERS 1
| #define HAVE_SYS_TYPES_H 1
| #define HAVE_SYS_STAT_H 1
| #define HAVE_STDLIB_H 1
| #define HAVE_STRING_H 1
| #define HAVE_MEMORY_H 1
| #define HAVE_STRINGS_H 1
| #define HAVE_INTTYPES_H 1
| #define HAVE_STDINT_H 1
| #define HAVE_UNISTD_H 1
| #define __EXTENSIONS__ 1
| #define _ALL_SOURCE 1
| #define _GNU_SOURCE 1
| #define _POSIX_PTHREAD_SEMANTICS 1
| #define _TANDEM_SOURCE 1
| #define LINUX /**/
| #define HAVE_SOCKET 1
| #define HAVE_CONNECT 1
| #define HAVE_LIBM 1
| #define HAVE_GETHOSTBYNAME 1
| #define HAVE_NANOSLEEP 1
| #define HAVE_POLL 1
| #define HAVE_POLL_H 1
| #define HAVE_SYS_POLL_H 1
| #define USE_CRYPT /**/
| #define STDC_HEADERS 1
| #define HAVE_SYS_WAIT_H 1
| #define HAVE_DIRENT_H 1
| #define HAVE_FCNTL_H 1
| #define HAVE_SYS_TIME_H 1
| #define HAVE_UNISTD_H 1
| #define HAVE_SYS_SOUNDCARD_H 1
| #define HAVE_PTHREAD_H 1
| #define HAVE_ASSERT_H 1
| #define HAVE_SYS_RESOURCE_H 1
| #define HAVE_MATH_H 1
| #define HAVE_SIGNAL_H 1
| #define HAVE_SYS_SIGNAL_H 1
| #define HAVE_MCHECK_H 1
| #define HAVE_MALLOC_H 1
| /* end confdefs.h.  */
| #include <stdio.h>
| #ifdef HAVE_SYS_TYPES_H
| # include <sys/types.h>
| #endif
| #ifdef HAVE_SYS_STAT_H
| # include <sys/stat.h>
| #endif
| #ifdef STDC_HEADERS
| # include <stdlib.h>
| # include <stddef.h>
| #else
| # ifdef HAVE_STDLIB_H
| #  include <stdlib.h>
| # endif
| #endif
| #ifdef HAVE_STRING_H
| # if !defined STDC_HEADERS && defined HAVE_MEMORY_H
| #  include <memory.h>
| # endif
| # include <string.h>
| #endif
| #ifdef HAVE_STRINGS_H
| # include <strings.h>
| #endif
| #ifdef HAVE_INTTYPES_H
| # include <inttypes.h>
| #endif
| #ifdef HAVE_STDINT_H
| # include <stdint.h>
| #endif
| #ifdef HAVE_UNISTD_H
| # include <unistd.h>
| #endif
| int
| main ()
| {
| if (sizeof ((size_t)))
| 	    return 0;
|   ;
|   return 0;
| }
configure:6047: result: yes
configure:6059: checking whether time.h and sys/time.h may both be included
configure:6079: gcc -c    -g -O2 -Wall   conftest.c >&5
configure:6079: $? = 0
configure:6086: result: yes
configure:6094: checking whether struct tm is in sys/time.h or time.h
configure:6114: gcc -c    -g -O2 -Wall   conftest.c >&5
configure:6114: $? = 0
configure:6121: result: time.h
configure:6130: checking for unix98 socklen_t
configure:6145: gcc -c    -g -O2 -Wall   conftest.c >&5
configure:6145: $? = 0
configure:6146: result: yeah
configure:6164: checking for strftime
configure:6164: gcc -o conftest    -g -O2 -Wall    conftest.c -lm  -lpthread >&5
conftest.c:81: warning: conflicting types for built-in function 'strftime'
configure:6164: $? = 0
configure:6164: result: yes
configure:6219: checking for vprintf
configure:6219: gcc -o conftest    -g -O2 -Wall    conftest.c -lm  -lpthread >&5
conftest.c:82: warning: conflicting types for built-in function 'vprintf'
configure:6219: $? = 0
configure:6219: result: yes
configure:6225: checking for _doprnt
configure:6225: gcc -o conftest    -g -O2 -Wall    conftest.c -lm  -lpthread >&5
/tmp/ccMEXnk7.o: In function `main':
/home/test/ntripcaster-2.0.21/conftest.c:94: undefined reference to `_doprnt'
collect2: ld returned 1 exit status
configure:6225: $? = 1
configure: failed program was:
| /* confdefs.h */
| #define PACKAGE_NAME ""
| #define PACKAGE_TARNAME ""
| #define PACKAGE_VERSION ""
| #define PACKAGE_STRING ""
| #define PACKAGE_BUGREPORT ""
| #define PACKAGE_URL ""
| #define PACKAGE "ntripcaster"
| #define VERSION "2.0.21"
| #define VERSION "2.0.21"
| #define NTRIPCASTER_ETCDIR "conf"
| #define NTRIPCASTER_LOGDIR "logs"
| #define NTRIPCASTER_VARDIR "var"
| #define NTRIPCASTER_TEMPLATEDIR "templates"
| #define STDC_HEADERS 1
| #define HAVE_SYS_TYPES_H 1
| #define HAVE_SYS_STAT_H 1
| #define HAVE_STDLIB_H 1
| #define HAVE_STRING_H 1
| #define HAVE_MEMORY_H 1
| #define HAVE_STRINGS_H 1
| #define HAVE_INTTYPES_H 1
| #define HAVE_STDINT_H 1
| #define HAVE_UNISTD_H 1
| #define __EXTENSIONS__ 1
| #define _ALL_SOURCE 1
| #define _GNU_SOURCE 1
| #define _POSIX_PTHREAD_SEMANTICS 1
| #define _TANDEM_SOURCE 1
| #define LINUX /**/
| #define HAVE_SOCKET 1
| #define HAVE_CONNECT 1
| #define HAVE_LIBM 1
| #define HAVE_GETHOSTBYNAME 1
| #define HAVE_NANOSLEEP 1
| #define HAVE_POLL 1
| #define HAVE_POLL_H 1
| #define HAVE_SYS_POLL_H 1
| #define USE_CRYPT /**/
| #define STDC_HEADERS 1
| #define HAVE_SYS_WAIT_H 1
| #define HAVE_DIRENT_H 1
| #define HAVE_FCNTL_H 1
| #define HAVE_SYS_TIME_H 1
| #define HAVE_UNISTD_H 1
| #define HAVE_SYS_SOUNDCARD_H 1
| #define HAVE_PTHREAD_H 1
| #define HAVE_ASSERT_H 1
| #define HAVE_SYS_RESOURCE_H 1
| #define HAVE_MATH_H 1
| #define HAVE_SIGNAL_H 1
| #define HAVE_SYS_SIGNAL_H 1
| #define HAVE_MCHECK_H 1
| #define HAVE_MALLOC_H 1
| #define TIME_WITH_SYS_TIME 1
| #define HAVE_SOCKLEN_T /**/
| #define HAVE_STRFTIME 1
| #define HAVE_VPRINTF 1
| /* end confdefs.h.  */
| /* Define _doprnt to an innocuous variant, in case <limits.h> declares _doprnt.
|    For example, HP-UX 11i <limits.h> declares gettimeofday.  */
| #define _doprnt innocuous__doprnt
| 
| /* System header to define __stub macros and hopefully few prototypes,
|     which can conflict with char _doprnt (); below.
|     Prefer <limits.h> to <assert.h> if __STDC__ is defined, since
|     <limits.h> exists even on freestanding compilers.  */
| 
| #ifdef __STDC__
| # include <limits.h>
| #else
| # include <assert.h>
| #endif
| 
| #undef _doprnt
| 
| /* Override any GCC internal prototype to avoid an error.
|    Use char because int might match the return type of a GCC
|    builtin and then its argument prototype would still apply.  */
| #ifdef __cplusplus
| extern "C"
| #endif
| char _doprnt ();
| /* The GNU C library defines this for functions which it implements
|     to always fail with ENOSYS.  Some functions are actually named
|     something starting with __ and the normal name is an alias.  */
| #if defined __stub__doprnt || defined __stub____doprnt
| choke me
| #endif
| 
| int
| main ()
| {
| return _doprnt ();
|   ;
|   return 0;
| }
configure:6225: result: no
configure:6240: checking for gettimeofday
configure:6240: gcc -o conftest    -g -O2 -Wall    conftest.c -lm  -lpthread >&5
configure:6240: $? = 0
configure:6240: result: yes
configure:6240: checking for strstr
configure:6240: gcc -o conftest    -g -O2 -Wall    conftest.c -lm  -lpthread >&5
conftest.c:84: warning: conflicting types for built-in function 'strstr'
configure:6240: $? = 0
configure:6240: result: yes
configure:6240: checking for snprintf
configure:6240: gcc -o conftest    -g -O2 -Wall    conftest.c -lm  -lpthread >&5
conftest.c:85: warning: conflicting types for built-in function 'snprintf'
configure:6240: $? = 0
configure:6240: result: yes
configure:6240: checking for vsnprintf
configure:6240: gcc -o conftest    -g -O2 -Wall    conftest.c -lm  -lpthread >&5
conftest.c:86: warning: conflicting types for built-in function 'vsnprintf'
configure:6240: $? = 0
configure:6240: result: yes
configure:6240: checking for rename
configure:6240: gcc -o conftest    -g -O2 -Wall    conftest.c -lm  -lpthread >&5
configure:6240: $? = 0
configure:6240: result: yes
configure:6240: checking for setpgid
configure:6240: gcc -o conftest    -g -O2 -Wall    conftest.c -lm  -lpthread >&5
configure:6240: $? = 0
configure:6240: result: yes
configure:6240: checking for basename
configure:6240: gcc -o conftest    -g -O2 -Wall    conftest.c -lm  -lpthread >&5
configure:6240: $? = 0
configure:6240: result: yes
configure:6240: checking for setsockopt
configure:6240: gcc -o conftest    -g -O2 -Wall    conftest.c -lm  -lpthread >&5
configure:6240: $? = 0
configure:6240: result: yes
configure:6240: checking for gethostbyname_r
configure:6240: gcc -o conftest    -g -O2 -Wall    conftest.c -lm  -lpthread >&5
configure:6240: $? = 0
configure:6240: result: yes
configure:6240: checking for gethostbyaddr_r
configure:6240: gcc -o conftest    -g -O2 -Wall    conftest.c -lm  -lpthread >&5
configure:6240: $? = 0
configure:6240: result: yes
configure:6240: checking for getrlimit
configure:6240: gcc -o conftest    -g -O2 -Wall    conftest.c -lm  -lpthread >&5
configure:6240: $? = 0
configure:6240: result: yes
configure:6240: checking for setrlimit
configure:6240: gcc -o conftest    -g -O2 -Wall    conftest.c -lm  -lpthread >&5
configure:6240: $? = 0
configure:6240: result: yes
configure:6240: checking for umask
configure:6240: gcc -o conftest    -g -O2 -Wall    conftest.c -lm  -lpthread >&5
configure:6240: $? = 0
configure:6240: result: yes
configure:6240: checking for inet_addr
configure:6240: gcc -o conftest    -g -O2 -Wall    conftest.c -lm  -lpthread >&5
configure:6240: $? = 0
configure:6240: result: yes
configure:6240: checking for inet_aton
configure:6240: gcc -o conftest    -g -O2 -Wall    conftest.c -lm  -lpthread >&5
configure:6240: $? = 0
configure:6240: result: yes
configure:6240: checking for localtime_r
configure:6240: gcc -o conftest    -g -O2 -Wall    conftest.c -lm  -lpthread >&5
configure:6240: $? = 0
configure:6240: result: yes
configure:6240: checking for select
configure:6240: gcc -o conftest    -g -O2 -Wall    conftest.c -lm  -lpthread >&5
configure:6240: $? = 0
configure:6240: result: yes
configure:6240: checking for pthread_attr_setstacksize
configure:6240: gcc -o conftest    -g -O2 -Wall    conftest.c -lm  -lpthread >&5
configure:6240: $? = 0
configure:6240: result: yes
configure:6240: checking for inet_ntoa
configure:6240: gcc -o conftest    -g -O2 -Wall    conftest.c -lm  -lpthread >&5
configure:6240: $? = 0
configure:6240: result: yes
configure:6240: checking for mcheck
configure:6240: gcc -o conftest    -g -O2 -Wall    conftest.c -lm  -lpthread >&5
configure:6240: $? = 0
configure:6240: result: yes
configure:6240: checking for mallinfo
configure:6240: gcc -o conftest    -g -O2 -Wall    conftest.c -lm  -lpthread >&5
configure:6240: $? = 0
configure:6240: result: yes
configure:6240: checking for mtrace
configure:6240: gcc -o conftest    -g -O2 -Wall    conftest.c -lm  -lpthread >&5
configure:6240: $? = 0
configure:6240: result: yes
configure:6240: checking for sigaction
configure:6240: gcc -o conftest    -g -O2 -Wall    conftest.c -lm  -lpthread >&5
configure:6240: $? = 0
configure:6240: result: yes
configure:6240: checking for pthread_sigmask
configure:6240: gcc -o conftest    -g -O2 -Wall    conftest.c -lm  -lpthread >&5
configure:6240: $? = 0
configure:6240: result: yes
configure:6240: checking for lseek
configure:6240: gcc -o conftest    -g -O2 -Wall    conftest.c -lm  -lpthread >&5
configure:6240: $? = 0
configure:6240: result: yes
configure:6250: checking if libm is bundled with some lib we're already linking
configure:6263: gcc -o conftest    -g -O2 -Wall    conftest.c -lm  -lpthread >&5
conftest.c: In function 'main':
conftest.c:89: warning: implicit declaration of function 'sin'
conftest.c:89: warning: incompatible implicit declaration of built-in function 'sin'
configure:6263: $? = 0
configure:6264: result: yes
configure:6273: checking for ldap_init in -lldap
configure:6298: gcc -o conftest    -g -O2 -Wall    conftest.c -lldap  -lm  -lpthread >&5
/usr/bin/ld: cannot find -lldap
collect2: ld returned 1 exit status
configure:6298: $? = 1
configure: failed program was:
| /* confdefs.h */
| #define PACKAGE_NAME ""
| #define PACKAGE_TARNAME ""
| #define PACKAGE_VERSION ""
| #define PACKAGE_STRING ""
| #define PACKAGE_BUGREPORT ""
| #define PACKAGE_URL ""
| #define PACKAGE "ntripcaster"
| #define VERSION "2.0.21"
| #define VERSION "2.0.21"
| #define NTRIPCASTER_ETCDIR "conf"
| #define NTRIPCASTER_LOGDIR "logs"
| #define NTRIPCASTER_VARDIR "var"
| #define NTRIPCASTER_TEMPLATEDIR "templates"
| #define STDC_HEADERS 1
| #define HAVE_SYS_TYPES_H 1
| #define HAVE_SYS_STAT_H 1
| #define HAVE_STDLIB_H 1
| #define HAVE_STRING_H 1
| #define HAVE_MEMORY_H 1
| #define HAVE_STRINGS_H 1
| #define HAVE_INTTYPES_H 1
| #define HAVE_STDINT_H 1
| #define HAVE_UNISTD_H 1
| #define __EXTENSIONS__ 1
| #define _ALL_SOURCE 1
| #define _GNU_SOURCE 1
| #define _POSIX_PTHREAD_SEMANTICS 1
| #define _TANDEM_SOURCE 1
| #define LINUX /**/
| #define HAVE_SOCKET 1
| #define HAVE_CONNECT 1
| #define HAVE_LIBM 1
| #define HAVE_GETHOSTBYNAME 1
| #define HAVE_NANOSLEEP 1
| #define HAVE_POLL 1
| #define HAVE_POLL_H 1
| #define HAVE_SYS_POLL_H 1
| #define USE_CRYPT /**/
| #define STDC_HEADERS 1
| #define HAVE_SYS_WAIT_H 1
| #define HAVE_DIRENT_H 1
| #define HAVE_FCNTL_H 1
| #define HAVE_SYS_TIME_H 1
| #define HAVE_UNISTD_H 1
| #define HAVE_SYS_SOUNDCARD_H 1
| #define HAVE_PTHREAD_H 1
| #define HAVE_ASSERT_H 1
| #define HAVE_SYS_RESOURCE_H 1
| #define HAVE_MATH_H 1
| #define HAVE_SIGNAL_H 1
| #define HAVE_SYS_SIGNAL_H 1
| #define HAVE_MCHECK_H 1
| #define HAVE_MALLOC_H 1
| #define TIME_WITH_SYS_TIME 1
| #define HAVE_SOCKLEN_T /**/
| #define HAVE_STRFTIME 1
| #define HAVE_VPRINTF 1
| #define HAVE_GETTIMEOFDAY 1
| #define HAVE_STRSTR 1
| #define HAVE_SNPRINTF 1
| #define HAVE_VSNPRINTF 1
| #define HAVE_RENAME 1
| #define HAVE_SETPGID 1
| #define HAVE_BASENAME 1
| #define HAVE_SETSOCKOPT 1
| #define HAVE_GETHOSTBYNAME_R 1
| #define HAVE_GETHOSTBYADDR_R 1
| #define HAVE_GETRLIMIT 1
| #define HAVE_SETRLIMIT 1
| #define HAVE_UMASK 1
| #define HAVE_INET_ADDR 1
| #define HAVE_INET_ATON 1
| #define HAVE_LOCALTIME_R 1
| #define HAVE_SELECT 1
| #define HAVE_PTHREAD_ATTR_SETSTACKSIZE 1
| #define HAVE_INET_NTOA 1
| #define HAVE_MCHECK 1
| #define HAVE_MALLINFO 1
| #define HAVE_MTRACE 1
| #define HAVE_SIGACTION 1
| #define HAVE_PTHREAD_SIGMASK 1
| #define HAVE_LSEEK 1
| /* end confdefs.h.  */
| 
| /* Override any GCC internal prototype to avoid an error.
|    Use char because int might match the return type of a GCC
|    builtin and then its argument prototype would still apply.  */
| #ifdef __cplusplus
| extern "C"
| #endif
| char ldap_init ();
| int
| main ()
| {
| return ldap_init ();
|   ;
|   return 0;
| }
configure:6307: result: no
configure:6439: checking that generated files are newer than configure
configure:6445: result: done
configure:6476: creating ./config.status

## ---------------------- ##
## Running config.status. ##
## ---------------------- ##

This file was extended by config.status, which was
generated by GNU Autoconf 2.68.  Invocation command line was

  CONFIG_FILES    = 
  CONFIG_HEADERS  = 
  CONFIG_LINKS    = 
  CONFIG_COMMANDS = 
  $ ./config.status 

on localhost.localdomain

config.status:956: creating Makefile
config.status:956: creating src/Makefile
config.status:956: creating src/authenticate/Makefile
config.status:956: creating conf/Makefile
config.status:956: creating templates/Makefile
config.status:956: creating conf/ntripcaster.conf.dist
config.status:956: creating scripts/Makefile
config.status:956: creating scripts/ntripcaster
config.status:956: creating scripts/casterwatch
config.status:956: creating config.h
config.status:1185: executing depfiles commands

## ---------------- ##
## Cache variables. ##
## ---------------- ##

ac_cv_c_compiler_gnu=yes
ac_cv_c_const=yes
ac_cv_env_CC_set=
ac_cv_env_CC_value=
ac_cv_env_CFLAGS_set=
ac_cv_env_CFLAGS_value=
ac_cv_env_CPPFLAGS_set=
ac_cv_env_CPPFLAGS_value=
ac_cv_env_CPP_set=
ac_cv_env_CPP_value=
ac_cv_env_LDFLAGS_set=
ac_cv_env_LDFLAGS_value=
ac_cv_env_LIBS_set=
ac_cv_env_LIBS_value=
ac_cv_env_build_alias_set=
ac_cv_env_build_alias_value=
ac_cv_env_host_alias_set=
ac_cv_env_host_alias_value=
ac_cv_env_target_alias_set=
ac_cv_env_target_alias_value=
ac_cv_func__doprnt=no
ac_cv_func_basename=yes
ac_cv_func_connect=yes
ac_cv_func_gethostbyaddr_r=yes
ac_cv_func_gethostbyname=yes
ac_cv_func_gethostbyname_r=yes
ac_cv_func_getrlimit=yes
ac_cv_func_gettimeofday=yes
ac_cv_func_inet_addr=yes
ac_cv_func_inet_aton=yes
ac_cv_func_inet_ntoa=yes
ac_cv_func_localtime_r=yes
ac_cv_func_log=no
ac_cv_func_lseek=yes
ac_cv_func_mallinfo=yes
ac_cv_func_mcheck=yes
ac_cv_func_mtrace=yes
ac_cv_func_nanosleep=yes
ac_cv_func_poll=yes
ac_cv_func_pthread_attr_setstacksize=yes
ac_cv_func_pthread_sigmask=yes
ac_cv_func_rename=yes
ac_cv_func_select=yes
ac_cv_func_setpgid=yes
ac_cv_func_setrlimit=yes
ac_cv_func_setsockopt=yes
ac_cv_func_sigaction=yes
ac_cv_func_snprintf=yes
ac_cv_func_socket=yes
ac_cv_func_strftime=yes
ac_cv_func_strstr=yes
ac_cv_func_umask=yes
ac_cv_func_vprintf=yes
ac_cv_func_vsnprintf=yes
ac_cv_header_Python_h=no
ac_cv_header_assert_h=yes
ac_cv_header_dirent_dirent_h=yes
ac_cv_header_fcntl_h=yes
ac_cv_header_history_h=no
ac_cv_header_inttypes_h=yes
ac_cv_header_machine_soundcard_h=no
ac_cv_header_malloc_h=yes
ac_cv_header_math_h=yes
ac_cv_header_mcheck_h=yes
ac_cv_header_memory_h=yes
ac_cv_header_minix_config_h=no
ac_cv_header_poll_h=yes
ac_cv_header_pthread_h=yes
ac_cv_header_signal_h=yes
ac_cv_header_stdc=yes
ac_cv_header_stdint_h=yes
ac_cv_header_stdlib_h=yes
ac_cv_header_string_h=yes
ac_cv_header_strings_h=yes
ac_cv_header_sys_poll_h=yes
ac_cv_header_sys_resource_h=yes
ac_cv_header_sys_signal_h=yes
ac_cv_header_sys_soundcard_h=yes
ac_cv_header_sys_stat_h=yes
ac_cv_header_sys_time_h=yes
ac_cv_header_sys_types_h=yes
ac_cv_header_sys_wait_h=yes
ac_cv_header_time=yes
ac_cv_header_unistd_h=yes
ac_cv_lib_crypt_crypt=yes
ac_cv_lib_ldap_ldap_init=no
ac_cv_lib_m___log=yes
ac_cv_lib_pthread___pthread_create=yes
ac_cv_objext=o
ac_cv_path_EGREP='/bin/grep -E'
ac_cv_path_GREP=/bin/grep
ac_cv_path_install='/usr/bin/install -c'
ac_cv_path_mkdir=/bin/mkdir
ac_cv_prog_AWK=gawk
ac_cv_prog_CPP='gcc -E'
ac_cv_prog_UNAME=uname
ac_cv_prog_ac_ct_CC=gcc
ac_cv_prog_ac_ct_RANLIB=ranlib
ac_cv_prog_cc_c89=
ac_cv_prog_cc_g=yes
ac_cv_prog_make_make_set=yes
ac_cv_safe_to_define___extensions__=yes
ac_cv_search_opendir='none required'
ac_cv_search_strerror='none required'
ac_cv_struct_tm=time.h
ac_cv_type_pid_t=yes
ac_cv_type_size_t=yes
am_cv_CC_dependencies_compiler_type=gcc3

## ----------------- ##
## Output variables. ##
## ----------------- ##

ACLOCAL='${SHELL} /home/test/ntripcaster-2.0.21/missing --run aclocal-1.12'
AMDEPBACKSLASH='\'
AMDEP_FALSE='#'
AMDEP_TRUE=''
AMTAR='$${TAR-tar}'
AUTOCONF='${SHELL} /home/test/ntripcaster-2.0.21/missing --run autoconf'
AUTOHEADER='${SHELL} /home/test/ntripcaster-2.0.21/missing --run autoheader'
AUTOMAKE='${SHELL} /home/test/ntripcaster-2.0.21/missing --run automake-1.12'
AWK='gawk'
CC='gcc'
CCDEPMODE='depmode=gcc3'
CFLAGS='   -g -O2 -Wall'
CPP='gcc -E'
CPPFLAGS=' '
CRYPTLIB='-lcrypt'
CYGPATH_W='echo'
DEFS='-DHAVE_CONFIG_H'
DEPDIR='.deps'
ECHO_C=''
ECHO_N='-n'
ECHO_T=''
EGREP='/bin/grep -E'
EXEEXT=''
FSSTD_FALSE=''
FSSTD_TRUE='#'
GREP='/bin/grep'
INSTALL_DATA='${INSTALL} -m 644'
INSTALL_PROGRAM='${INSTALL}'
INSTALL_SCRIPT='${INSTALL}'
INSTALL_STRIP_PROGRAM='$(install_sh) -c -s'
LDFLAGS=''
LIBOBJS=''
LIBS='-lm  -lpthread'
LTLIBOBJS=''
MAINT='#'
MAINTAINER_MODE_FALSE=''
MAINTAINER_MODE_TRUE='#'
MAKEINFO='${SHELL} /home/test/ntripcaster-2.0.21/missing --run makeinfo'
MKDIR_P='/bin/mkdir -p'
NTRIPCASTER_BINDIR='/usr/local/ntripcaster/bin'
NTRIPCASTER_ETCDIR='conf'
NTRIPCASTER_ETCDIR_INST='/usr/local/ntripcaster/conf'
NTRIPCASTER_LOGDIR='logs'
NTRIPCASTER_LOGDIR_INST='/usr/local/ntripcaster/logs'
NTRIPCASTER_SBINDIR='/usr/local/ntripcaster/sbin'
NTRIPCASTER_TEMPLATEDIR='templates'
NTRIPCASTER_TEMPLATEDIR_INST='/usr/local/ntripcaster/templates'
NTRIPCASTER_VARDIR='var'
NTRIPCASTER_VARDIR_INST='/usr/local/ntripcaster/var'
OBJEXT='o'
PACKAGE='ntripcaster'
PACKAGE_BUGREPORT=''
PACKAGE_NAME=''
PACKAGE_STRING=''
PACKAGE_TARNAME=''
PACKAGE_URL=''
PACKAGE_VERSION=''
PATH_SEPARATOR=':'
RANLIB='ranlib'
SET_MAKE=''
SHELL='/bin/sh'
STRIP=''
THREADLIBS='-lpthread'
UNAME='uname'
USE_FSSTD='no'
VERSION='2.0.21'
WRAPINCLUDES=''
WRAPLIBS=''
ac_ct_CC='gcc'
am__EXEEXT_FALSE=''
am__EXEEXT_TRUE='#'
am__fastdepCC_FALSE='#'
am__fastdepCC_TRUE=''
am__include='include'
am__isrc=''
am__leading_dot='.'
am__nodep='_no'
am__quote=''
am__tar='$${TAR-tar} chof - "$$tardir"'
am__untar='$${TAR-tar} xf -'
bindir='${exec_prefix}/bin'
build_alias=''
datadir='${datarootdir}'
datarootdir='${prefix}/share'
docdir='${datarootdir}/doc/${PACKAGE}'
dvidir='${docdir}'
exec_prefix='/usr/local/ntripcaster'
host_alias=''
htmldir='${docdir}'
includedir='${prefix}/include'
infodir='${datarootdir}/info'
install_sh='${SHELL} /home/test/ntripcaster-2.0.21/install-sh'
libdir='${exec_prefix}/lib'
libexecdir='${exec_prefix}/libexec'
localedir='${datarootdir}/locale'
localstatedir='${prefix}/var'
mandir='${datarootdir}/man'
oldincludedir='/usr/include'
pdfdir='${docdir}'
prefix='/usr/local/ntripcaster'
program_transform_name='s,x,x,'
psdir='${docdir}'
sbindir='${exec_prefix}/sbin'
sharedstatedir='${prefix}/com'
sysconfdir='${prefix}/etc'
target_alias=''

## ----------- ##
## confdefs.h. ##
## ----------- ##

/* confdefs.h */
#define PACKAGE_NAME ""
#define PACKAGE_TARNAME ""
#define PACKAGE_VERSION ""
#define PACKAGE_STRING ""
#define PACKAGE_BUGREPORT ""
#define PACKAGE_URL ""
#define PACKAGE "ntripcaster"
#define VERSION "2.0.21"
#define VERSION "2.0.21"
#define NTRIPCASTER_ETCDIR "conf"
#define NTRIPCASTER_LOGDIR "logs"
#define NTRIPCASTER_VARDIR "var"
#define NTRIPCASTER_TEMPLATEDIR "templates"
#define STDC_HEADERS 1
#define HAVE_SYS_TYPES_H 1
#define HAVE_SYS_STAT_H 1
#define HAVE_STDLIB_H 1
#define HAVE_STRING_H 1
#define HAVE_MEMORY_H 1
#define HAVE_STRINGS_H 1
#define HAVE_INTTYPES_H 1
#define HAVE_STDINT_H 1
#define HAVE_UNISTD_H 1
#define __EXTENSIONS__ 1
#define _ALL_SOURCE 1
#define _GNU_SOURCE 1
#define _POSIX_PTHREAD_SEMANTICS 1
#define _TANDEM_SOURCE 1
#define LINUX /**/
#define HAVE_SOCKET 1
#define HAVE_CONNECT 1
#define HAVE_LIBM 1
#define HAVE_GETHOSTBYNAME 1
#define HAVE_NANOSLEEP 1
#define HAVE_POLL 1
#define HAVE_POLL_H 1
#define HAVE_SYS_POLL_H 1
#define USE_CRYPT /**/
#define STDC_HEADERS 1
#define HAVE_SYS_WAIT_H 1
#define HAVE_DIRENT_H 1
#define HAVE_FCNTL_H 1
#define HAVE_SYS_TIME_H 1
#define HAVE_UNISTD_H 1
#define HAVE_SYS_SOUNDCARD_H 1
#define HAVE_PTHREAD_H 1
#define HAVE_ASSERT_H 1
#define HAVE_SYS_RESOURCE_H 1
#define HAVE_MATH_H 1
#define HAVE_SIGNAL_H 1
#define HAVE_SYS_SIGNAL_H 1
#define HAVE_MCHECK_H 1
#define HAVE_MALLOC_H 1
#define TIME_WITH_SYS_TIME 1
#define HAVE_SOCKLEN_T /**/
#define HAVE_STRFTIME 1
#define HAVE_VPRINTF 1
#define HAVE_GETTIMEOFDAY 1
#define HAVE_STRSTR 1
#define HAVE_SNPRINTF 1
#define HAVE_VSNPRINTF 1
#define HAVE_RENAME 1
#define HAVE_SETPGID 1
#define HAVE_BASENAME 1
#define HAVE_SETSOCKOPT 1
#define HAVE_GETHOSTBYNAME_R 1
#define HAVE_GETHOSTBYADDR_R 1
#define HAVE_GETRLIMIT 1
#define HAVE_SETRLIMIT 1
#define HAVE_UMASK 1
#define HAVE_INET_ADDR 1
#define HAVE_INET_ATON 1
#define HAVE_LOCALTIME_R 1
#define HAVE_SELECT 1
#define HAVE_PTHREAD_ATTR_SETSTACKSIZE 1
#define HAVE_INET_NTOA 1
#define HAVE_MCHECK 1
#define HAVE_MALLINFO 1
#define HAVE_MTRACE 1
#define HAVE_SIGACTION 1
#define HAVE_PTHREAD_SIGMASK 1
#define HAVE_LSEEK 1
#define NC_LDAP_HOST ""
#define NC_LDAP_UID_PREFIX "uid"
#define NC_LDAP_PEOPLE_CONTEXT "ou=people"

configure: exit 0
